{"C:\\source\\github\\PatientRecords\\spark-service\\provider-factory.js": {"path":"C:\\source\\github\\PatientRecords\\spark-service\\provider-factory.js","statementMap":{"0":{"start":{"line":6,"column":19},"end":{"line":6,"column":68}},"1":{"start":{"line":7,"column":20},"end":{"line":7,"column":63}},"2":{"start":{"line":8,"column":20},"end":{"line":8,"column":67}},"3":{"start":{"line":10,"column":2},"end":{"line":17,"column":4}},"4":{"start":{"line":21,"column":19},"end":{"line":21,"column":80}},"5":{"start":{"line":22,"column":2},"end":{"line":33,"column":3}},"6":{"start":{"line":24,"column":6},"end":{"line":24,"column":33}},"7":{"start":{"line":32,"column":6},"end":{"line":32,"column":33}},"8":{"start":{"line":36,"column":0},"end":{"line":36,"column":40}}},"fnMap":{"0":{"name":"deltaMinioOptions","decl":{"start":{"line":5,"column":9},"end":{"line":5,"column":26}},"loc":{"start":{"line":5,"column":29},"end":{"line":18,"column":1}},"line":5},"1":{"name":"getProviderOptions","decl":{"start":{"line":20,"column":9},"end":{"line":20,"column":27}},"loc":{"start":{"line":20,"column":30},"end":{"line":34,"column":1}},"line":20}},"branchMap":{"0":{"loc":{"start":{"line":6,"column":19},"end":{"line":6,"column":68}},"type":"binary-expr","locations":[{"start":{"line":6,"column":19},"end":{"line":6,"column":45}},{"start":{"line":6,"column":49},"end":{"line":6,"column":68}}],"line":6},"1":{"loc":{"start":{"line":7,"column":20},"end":{"line":7,"column":63}},"type":"binary-expr","locations":[{"start":{"line":7,"column":20},"end":{"line":7,"column":47}},{"start":{"line":7,"column":51},"end":{"line":7,"column":63}}],"line":7},"2":{"loc":{"start":{"line":8,"column":20},"end":{"line":8,"column":67}},"type":"binary-expr","locations":[{"start":{"line":8,"column":20},"end":{"line":8,"column":51}},{"start":{"line":8,"column":55},"end":{"line":8,"column":67}}],"line":8},"3":{"loc":{"start":{"line":21,"column":20},"end":{"line":21,"column":65}},"type":"binary-expr","locations":[{"start":{"line":21,"column":20},"end":{"line":21,"column":48}},{"start":{"line":21,"column":52},"end":{"line":21,"column":65}}],"line":21},"4":{"loc":{"start":{"line":22,"column":2},"end":{"line":33,"column":3}},"type":"switch","locations":[{"start":{"line":23,"column":4},"end":{"line":24,"column":33}},{"start":{"line":31,"column":4},"end":{"line":32,"column":33}}],"line":22}},"s":{"0":2,"1":2,"2":2,"3":2,"4":2,"5":2,"6":2,"7":0,"8":1},"f":{"0":2,"1":2},"b":{"0":[2,0],"1":[2,0],"2":[2,0],"3":[2,0],"4":[2,0]},"_coverageSchema":"1a1c01bbd47fc00a2c39e90264f33305004495a9","hash":"54a8039de11658ee1a19888d531358faf18568e8"}
,"C:\\source\\github\\PatientRecords\\spark-service\\server.js": {"path":"C:\\source\\github\\PatientRecords\\spark-service\\server.js","statementMap":{"0":{"start":{"line":1,"column":16},"end":{"line":1,"column":34}},"1":{"start":{"line":2,"column":13},"end":{"line":2,"column":28}},"2":{"start":{"line":3,"column":31},"end":{"line":3,"column":60}},"3":{"start":{"line":5,"column":12},"end":{"line":5,"column":21}},"4":{"start":{"line":6,"column":0},"end":{"line":6,"column":16}},"5":{"start":{"line":7,"column":0},"end":{"line":7,"column":24}},"6":{"start":{"line":9,"column":0},"end":{"line":11,"column":3}},"7":{"start":{"line":10,"column":2},"end":{"line":10,"column":29}},"8":{"start":{"line":13,"column":0},"end":{"line":16,"column":3}},"9":{"start":{"line":14,"column":15},"end":{"line":14,"column":35}},"10":{"start":{"line":15,"column":2},"end":{"line":15,"column":87}},"11":{"start":{"line":18,"column":13},"end":{"line":18,"column":37}},"12":{"start":{"line":19,"column":0},"end":{"line":23,"column":1}},"13":{"start":{"line":20,"column":2},"end":{"line":22,"column":5}},"14":{"start":{"line":21,"column":4},"end":{"line":21,"column":59}},"15":{"start":{"line":25,"column":0},"end":{"line":25,"column":21}}},"fnMap":{"0":{"name":"(anonymous_0)","decl":{"start":{"line":9,"column":19},"end":{"line":9,"column":20}},"loc":{"start":{"line":9,"column":33},"end":{"line":11,"column":1}},"line":9},"1":{"name":"(anonymous_1)","decl":{"start":{"line":13,"column":29},"end":{"line":13,"column":30}},"loc":{"start":{"line":13,"column":43},"end":{"line":16,"column":1}},"line":13},"2":{"name":"(anonymous_2)","decl":{"start":{"line":20,"column":19},"end":{"line":20,"column":20}},"loc":{"start":{"line":20,"column":25},"end":{"line":22,"column":3}},"line":20}},"branchMap":{"0":{"loc":{"start":{"line":15,"column":23},"end":{"line":15,"column":68}},"type":"binary-expr","locations":[{"start":{"line":15,"column":23},"end":{"line":15,"column":51}},{"start":{"line":15,"column":55},"end":{"line":15,"column":68}}],"line":15},"1":{"loc":{"start":{"line":18,"column":13},"end":{"line":18,"column":37}},"type":"binary-expr","locations":[{"start":{"line":18,"column":13},"end":{"line":18,"column":29}},{"start":{"line":18,"column":33},"end":{"line":18,"column":37}}],"line":18},"2":{"loc":{"start":{"line":19,"column":0},"end":{"line":23,"column":1}},"type":"if","locations":[{"start":{"line":19,"column":0},"end":{"line":23,"column":1}},{"start":{},"end":{}}],"line":19}},"s":{"0":1,"1":1,"2":1,"3":1,"4":1,"5":1,"6":1,"7":1,"8":1,"9":1,"10":1,"11":1,"12":1,"13":0,"14":0,"15":1},"f":{"0":1,"1":1,"2":0},"b":{"0":[1,0],"1":[1,1],"2":[0,1]},"_coverageSchema":"1a1c01bbd47fc00a2c39e90264f33305004495a9","hash":"9ee3c403e49e56f0658553c172e598ba34039eaf"}
}
