TN:
SF:provider-factory.js
FN:5,deltaMinioOptions
FN:20,getProviderOptions
FNF:2
FNH:2
FNDA:2,deltaMinioOptions
FNDA:2,getProviderOptions
DA:6,2
DA:7,2
DA:8,2
DA:10,2
DA:21,2
DA:22,2
DA:24,2
DA:32,0
DA:36,1
LF:9
LH:8
BRDA:6,0,0,2
BRDA:6,0,1,0
BRDA:7,1,0,2
BRDA:7,1,1,0
BRDA:8,2,0,2
BRDA:8,2,1,0
BRDA:21,3,0,2
BRDA:21,3,1,0
BRDA:22,4,0,2
BRDA:22,4,1,0
BRF:10
BRH:5
end_of_record
TN:
SF:server.js
FN:9,(anonymous_0)
FN:13,(anonymous_1)
FN:20,(anonymous_2)
FNF:3
FNH:2
FNDA:1,(anonymous_0)
FNDA:1,(anonymous_1)
FNDA:0,(anonymous_2)
DA:1,1
DA:2,1
DA:3,1
DA:5,1
DA:6,1
DA:7,1
DA:9,1
DA:10,1
DA:13,1
DA:14,1
DA:15,1
DA:18,1
DA:19,1
DA:20,0
DA:21,0
DA:25,1
LF:16
LH:14
BRDA:15,0,0,1
BRDA:15,0,1,0
BRDA:18,1,0,1
BRDA:18,1,1,1
BRDA:19,2,0,0
BRDA:19,2,1,1
BRF:6
BRH:4
end_of_record
