<?xml version="1.0" encoding="UTF-8"?>
<coverage generated="1769034440063" clover="3.2.0">
  <project timestamp="1769034440064" name="All files">
    <metrics statements="140" coveredstatements="88" conditionals="93" coveredconditionals="38" methods="23" coveredmethods="11" elements="256" coveredelements="137" complexity="0" loc="140" ncloc="140" packages="1" files="1" classes="1"/>
    <file name="server.js" path="C:\source\github\PatientRecords\backend\server.js">
      <metrics statements="140" coveredstatements="88" conditionals="93" coveredconditionals="38" methods="23" coveredmethods="11"/>
      <line num="1" count="1" type="stmt"/>
      <line num="2" count="1" type="stmt"/>
      <line num="3" count="1" type="stmt"/>
      <line num="4" count="1" type="stmt"/>
      <line num="5" count="1" type="stmt"/>
      <line num="6" count="1" type="stmt"/>
      <line num="7" count="1" type="stmt"/>
      <line num="10" count="1" type="stmt"/>
      <line num="11" count="1" type="stmt"/>
      <line num="12" count="1" type="stmt"/>
      <line num="15" count="1" type="stmt"/>
      <line num="18" count="1" type="cond" truecount="2" falsecount="0"/>
      <line num="19" count="1" type="cond" truecount="2" falsecount="0"/>
      <line num="20" count="1" type="cond" truecount="2" falsecount="0"/>
      <line num="21" count="1" type="cond" truecount="3" falsecount="0"/>
      <line num="24" count="1" type="stmt"/>
      <line num="87" count="1" type="stmt"/>
      <line num="90" count="1" type="stmt"/>
      <line num="91" count="1" type="stmt"/>
      <line num="93" count="1" type="stmt"/>
      <line num="94" count="1" type="stmt"/>
      <line num="97" count="0" type="stmt"/>
      <line num="98" count="0" type="cond" truecount="0" falsecount="2"/>
      <line num="100" count="0" type="stmt"/>
      <line num="105" count="1" type="stmt"/>
      <line num="108" count="1" type="stmt"/>
      <line num="109" count="1" type="stmt"/>
      <line num="113" count="1" type="stmt"/>
      <line num="114" count="1" type="cond" truecount="1" falsecount="1"/>
      <line num="115" count="1" type="cond" truecount="1" falsecount="1"/>
      <line num="118" count="1" type="cond" truecount="2" falsecount="2"/>
      <line num="119" count="1" type="stmt"/>
      <line num="120" count="1" type="stmt"/>
      <line num="124" count="1" type="stmt"/>
      <line num="125" count="0" type="cond" truecount="0" falsecount="2"/>
      <line num="126" count="0" type="cond" truecount="0" falsecount="2"/>
      <line num="127" count="0" type="stmt"/>
      <line num="128" count="0" type="stmt"/>
      <line num="129" count="0" type="cond" truecount="0" falsecount="2"/>
      <line num="130" count="0" type="stmt"/>
      <line num="132" count="0" type="stmt"/>
      <line num="138" count="8" type="stmt"/>
      <line num="139" count="8" type="cond" truecount="2" falsecount="0"/>
      <line num="140" count="7" type="stmt"/>
      <line num="141" count="7" type="cond" truecount="1" falsecount="1"/>
      <line num="142" count="7" type="stmt"/>
      <line num="143" count="7" type="stmt"/>
      <line num="144" count="7" type="stmt"/>
      <line num="145" count="7" type="stmt"/>
      <line num="146" count="7" type="stmt"/>
      <line num="148" count="0" type="stmt"/>
      <line num="153" count="1" type="stmt"/>
      <line num="154" count="1" type="stmt"/>
      <line num="155" count="1" type="cond" truecount="2" falsecount="0"/>
      <line num="156" count="1" type="stmt"/>
      <line num="158" count="1" type="cond" truecount="1" falsecount="1"/>
      <line num="159" count="0" type="stmt"/>
      <line num="167" count="0" type="stmt"/>
      <line num="170" count="1" type="stmt"/>
      <line num="171" count="1" type="stmt"/>
      <line num="173" count="0" type="stmt"/>
      <line num="178" count="1" type="stmt"/>
      <line num="179" count="2" type="stmt"/>
      <line num="180" count="2" type="stmt"/>
      <line num="181" count="2" type="cond" truecount="2" falsecount="0"/>
      <line num="182" count="1" type="stmt"/>
      <line num="184" count="0" type="stmt"/>
      <line num="190" count="0" type="stmt"/>
      <line num="191" count="0" type="cond" truecount="0" falsecount="2"/>
      <line num="195" count="1" type="stmt"/>
      <line num="196" count="1" type="stmt"/>
      <line num="197" count="1" type="stmt"/>
      <line num="198" count="1" type="cond" truecount="1" falsecount="1"/>
      <line num="200" count="1" type="cond" truecount="1" falsecount="1"/>
      <line num="202" count="1" type="cond" truecount="1" falsecount="1"/>
      <line num="203" count="1" type="cond" truecount="1" falsecount="1"/>
      <line num="204" count="1" type="cond" truecount="1" falsecount="1"/>
      <line num="206" count="1" type="cond" truecount="1" falsecount="1"/>
      <line num="207" count="0" type="stmt"/>
      <line num="208" count="0" type="cond" truecount="0" falsecount="4"/>
      <line num="213" count="1" type="cond" truecount="1" falsecount="1"/>
      <line num="214" count="0" type="stmt"/>
      <line num="215" count="0" type="stmt"/>
      <line num="216" count="0" type="cond" truecount="0" falsecount="2"/>
      <line num="220" count="1" type="cond" truecount="1" falsecount="1"/>
      <line num="221" count="0" type="stmt"/>
      <line num="222" count="0" type="stmt"/>
      <line num="223" count="0" type="cond" truecount="0" falsecount="2"/>
      <line num="227" count="1" type="stmt"/>
      <line num="229" count="0" type="stmt"/>
      <line num="234" count="1" type="stmt"/>
      <line num="235" count="0" type="stmt"/>
      <line num="236" count="0" type="stmt"/>
      <line num="237" count="0" type="cond" truecount="0" falsecount="2"/>
      <line num="238" count="0" type="cond" truecount="0" falsecount="2"/>
      <line num="240" count="0" type="stmt"/>
      <line num="245" count="1" type="stmt"/>
      <line num="246" count="0" type="stmt"/>
      <line num="247" count="0" type="stmt"/>
      <line num="248" count="0" type="cond" truecount="0" falsecount="2"/>
      <line num="249" count="0" type="cond" truecount="0" falsecount="2"/>
      <line num="251" count="0" type="stmt"/>
      <line num="256" count="1" type="stmt"/>
      <line num="257" count="1" type="stmt"/>
      <line num="258" count="1" type="stmt"/>
      <line num="259" count="1" type="cond" truecount="1" falsecount="1"/>
      <line num="260" count="1" type="cond" truecount="2" falsecount="0"/>
      <line num="262" count="0" type="stmt"/>
      <line num="267" count="1" type="stmt"/>
      <line num="268" count="0" type="stmt"/>
      <line num="269" count="0" type="stmt"/>
      <line num="270" count="0" type="cond" truecount="0" falsecount="2"/>
      <line num="271" count="0" type="cond" truecount="0" falsecount="2"/>
      <line num="273" count="0" type="stmt"/>
      <line num="278" count="1" type="stmt"/>
      <line num="279" count="0" type="stmt"/>
      <line num="280" count="0" type="stmt"/>
      <line num="281" count="0" type="cond" truecount="0" falsecount="2"/>
      <line num="282" count="0" type="cond" truecount="0" falsecount="2"/>
      <line num="284" count="0" type="stmt"/>
      <line num="289" count="1" type="stmt"/>
      <line num="290" count="1" type="stmt"/>
      <line num="291" count="1" type="stmt"/>
      <line num="292" count="1" type="cond" truecount="1" falsecount="1"/>
      <line num="293" count="1" type="cond" truecount="2" falsecount="0"/>
      <line num="294" count="1" type="cond" truecount="2" falsecount="0"/>
      <line num="295" count="1" type="stmt"/>
      <line num="296" count="1" type="stmt"/>
      <line num="298" count="0" type="stmt"/>
      <line num="303" count="1" type="stmt"/>
      <line num="304" count="1" type="stmt"/>
      <line num="305" count="1" type="stmt"/>
      <line num="306" count="1" type="stmt"/>
      <line num="307" count="1" type="stmt"/>
      <line num="309" count="0" type="stmt"/>
      <line num="313" count="1" type="cond" truecount="1" falsecount="1"/>
      <line num="314" count="0" type="stmt"/>
      <line num="315" count="0" type="stmt"/>
      <line num="316" count="0" type="stmt"/>
      <line num="320" count="1" type="stmt"/>
    </file>
  </project>
</coverage>
