{"C:\\source\\github\\PatientRecords\\backend\\server.js": {"path":"C:\\source\\github\\PatientRecords\\backend\\server.js","statementMap":{"0":{"start":{"line":1,"column":16},"end":{"line":1,"column":34}},"1":{"start":{"line":2,"column":19},"end":{"line":2,"column":41}},"2":{"start":{"line":3,"column":13},"end":{"line":3,"column":28}},"3":{"start":{"line":4,"column":12},"end":{"line":4,"column":35}},"4":{"start":{"line":5,"column":18},"end":{"line":5,"column":47}},"5":{"start":{"line":6,"column":17},"end":{"line":6,"column":36}},"6":{"start":{"line":7,"column":20},"end":{"line":7,"column":45}},"7":{"start":{"line":10,"column":12},"end":{"line":10,"column":21}},"8":{"start":{"line":11,"column":0},"end":{"line":11,"column":16}},"9":{"start":{"line":12,"column":0},"end":{"line":12,"column":27}},"10":{"start":{"line":15,"column":0},"end":{"line":15,"column":68}},"11":{"start":{"line":18,"column":19},"end":{"line":18,"column":57}},"12":{"start":{"line":19,"column":13},"end":{"line":19,"column":37}},"13":{"start":{"line":20,"column":20},"end":{"line":20,"column":118}},"14":{"start":{"line":21,"column":26},"end":{"line":21,"column":111}},"15":{"start":{"line":24,"column":22},"end":{"line":85,"column":24}},"16":{"start":{"line":87,"column":16},"end":{"line":87,"column":56}},"17":{"start":{"line":90,"column":18},"end":{"line":90,"column":23}},"18":{"start":{"line":91,"column":0},"end":{"line":102,"column":5}},"19":{"start":{"line":93,"column":4},"end":{"line":93,"column":23}},"20":{"start":{"line":94,"column":4},"end":{"line":94,"column":37}},"21":{"start":{"line":97,"column":4},"end":{"line":97,"column":60}},"22":{"start":{"line":98,"column":4},"end":{"line":101,"column":5}},"23":{"start":{"line":100,"column":6},"end":{"line":100,"column":22}},"24":{"start":{"line":105,"column":2},"end":{"line":105,"column":76}},"25":{"start":{"line":108,"column":0},"end":{"line":110,"column":3}},"26":{"start":{"line":109,"column":2},"end":{"line":109,"column":51}},"27":{"start":{"line":113,"column":0},"end":{"line":121,"column":3}},"28":{"start":{"line":114,"column":23},"end":{"line":114,"column":37}},"29":{"start":{"line":115,"column":2},"end":{"line":115,"column":77}},"30":{"start":{"line":115,"column":17},"end":{"line":115,"column":77}},"31":{"start":{"line":118,"column":15},"end":{"line":118,"column":98}},"32":{"start":{"line":119,"column":16},"end":{"line":119,"column":41}},"33":{"start":{"line":120,"column":2},"end":{"line":120,"column":79}},"34":{"start":{"line":124,"column":0},"end":{"line":134,"column":3}},"35":{"start":{"line":125,"column":20},"end":{"line":125,"column":34}},"36":{"start":{"line":126,"column":2},"end":{"line":126,"column":71}},"37":{"start":{"line":126,"column":14},"end":{"line":126,"column":71}},"38":{"start":{"line":127,"column":2},"end":{"line":133,"column":3}},"39":{"start":{"line":128,"column":20},"end":{"line":128,"column":77}},"40":{"start":{"line":129,"column":21},"end":{"line":129,"column":68}},"41":{"start":{"line":130,"column":4},"end":{"line":130,"column":85}},"42":{"start":{"line":132,"column":4},"end":{"line":132,"column":60}},"43":{"start":{"line":138,"column":15},"end":{"line":138,"column":40}},"44":{"start":{"line":139,"column":2},"end":{"line":139,"column":77}},"45":{"start":{"line":139,"column":13},"end":{"line":139,"column":77}},"46":{"start":{"line":140,"column":16},"end":{"line":140,"column":31}},"47":{"start":{"line":141,"column":2},"end":{"line":141,"column":92}},"48":{"start":{"line":141,"column":26},"end":{"line":141,"column":92}},"49":{"start":{"line":142,"column":16},"end":{"line":142,"column":24}},"50":{"start":{"line":143,"column":2},"end":{"line":149,"column":3}},"51":{"start":{"line":144,"column":20},"end":{"line":144,"column":49}},"52":{"start":{"line":145,"column":4},"end":{"line":145,"column":23}},"53":{"start":{"line":146,"column":4},"end":{"line":146,"column":11}},"54":{"start":{"line":148,"column":4},"end":{"line":148,"column":60}},"55":{"start":{"line":153,"column":0},"end":{"line":175,"column":3}},"56":{"start":{"line":154,"column":2},"end":{"line":174,"column":3}},"57":{"start":{"line":155,"column":14},"end":{"line":155,"column":47}},"58":{"start":{"line":156,"column":16},"end":{"line":156,"column":18}},"59":{"start":{"line":158,"column":4},"end":{"line":168,"column":5}},"60":{"start":{"line":159,"column":6},"end":{"line":165,"column":8}},"61":{"start":{"line":167,"column":6},"end":{"line":167,"column":81}},"62":{"start":{"line":167,"column":43},"end":{"line":167,"column":79}},"63":{"start":{"line":170,"column":21},"end":{"line":170,"column":85}},"64":{"start":{"line":171,"column":4},"end":{"line":171,"column":23}},"65":{"start":{"line":173,"column":4},"end":{"line":173,"column":85}},"66":{"start":{"line":178,"column":0},"end":{"line":186,"column":3}},"67":{"start":{"line":179,"column":2},"end":{"line":185,"column":3}},"68":{"start":{"line":180,"column":20},"end":{"line":180,"column":81}},"69":{"start":{"line":181,"column":4},"end":{"line":181,"column":70}},"70":{"start":{"line":181,"column":18},"end":{"line":181,"column":70}},"71":{"start":{"line":182,"column":4},"end":{"line":182,"column":22}},"72":{"start":{"line":184,"column":4},"end":{"line":184,"column":84}},"73":{"start":{"line":190,"column":13},"end":{"line":190,"column":26}},"74":{"start":{"line":191,"column":2},"end":{"line":191,"column":41}},"75":{"start":{"line":195,"column":0},"end":{"line":231,"column":3}},"76":{"start":{"line":196,"column":2},"end":{"line":230,"column":3}},"77":{"start":{"line":197,"column":20},"end":{"line":197,"column":81}},"78":{"start":{"line":198,"column":4},"end":{"line":198,"column":70}},"79":{"start":{"line":198,"column":18},"end":{"line":198,"column":70}},"80":{"start":{"line":200,"column":17},"end":{"line":200,"column":37}},"81":{"start":{"line":202,"column":17},"end":{"line":202,"column":66}},"82":{"start":{"line":203,"column":15},"end":{"line":203,"column":60}},"83":{"start":{"line":204,"column":17},"end":{"line":204,"column":69}},"84":{"start":{"line":206,"column":4},"end":{"line":211,"column":5}},"85":{"start":{"line":207,"column":6},"end":{"line":210,"column":8}},"86":{"start":{"line":208,"column":8},"end":{"line":209,"column":62}},"87":{"start":{"line":213,"column":4},"end":{"line":218,"column":5}},"88":{"start":{"line":214,"column":6},"end":{"line":217,"column":9}},"89":{"start":{"line":215,"column":18},"end":{"line":215,"column":48}},"90":{"start":{"line":216,"column":8},"end":{"line":216,"column":30}},"91":{"start":{"line":220,"column":4},"end":{"line":225,"column":5}},"92":{"start":{"line":221,"column":6},"end":{"line":224,"column":9}},"93":{"start":{"line":222,"column":18},"end":{"line":222,"column":48}},"94":{"start":{"line":223,"column":8},"end":{"line":223,"column":28}},"95":{"start":{"line":227,"column":4},"end":{"line":227,"column":21}},"96":{"start":{"line":229,"column":4},"end":{"line":229,"column":83}},"97":{"start":{"line":234,"column":0},"end":{"line":242,"column":3}},"98":{"start":{"line":235,"column":2},"end":{"line":241,"column":3}},"99":{"start":{"line":236,"column":20},"end":{"line":236,"column":81}},"100":{"start":{"line":237,"column":4},"end":{"line":237,"column":70}},"101":{"start":{"line":237,"column":18},"end":{"line":237,"column":70}},"102":{"start":{"line":238,"column":4},"end":{"line":238,"column":33}},"103":{"start":{"line":240,"column":4},"end":{"line":240,"column":81}},"104":{"start":{"line":245,"column":0},"end":{"line":253,"column":3}},"105":{"start":{"line":246,"column":2},"end":{"line":252,"column":3}},"106":{"start":{"line":247,"column":20},"end":{"line":247,"column":81}},"107":{"start":{"line":248,"column":4},"end":{"line":248,"column":70}},"108":{"start":{"line":248,"column":18},"end":{"line":248,"column":70}},"109":{"start":{"line":249,"column":4},"end":{"line":249,"column":40}},"110":{"start":{"line":251,"column":4},"end":{"line":251,"column":88}},"111":{"start":{"line":256,"column":0},"end":{"line":264,"column":3}},"112":{"start":{"line":257,"column":2},"end":{"line":263,"column":3}},"113":{"start":{"line":258,"column":20},"end":{"line":258,"column":81}},"114":{"start":{"line":259,"column":4},"end":{"line":259,"column":70}},"115":{"start":{"line":259,"column":18},"end":{"line":259,"column":70}},"116":{"start":{"line":260,"column":4},"end":{"line":260,"column":40}},"117":{"start":{"line":262,"column":4},"end":{"line":262,"column":88}},"118":{"start":{"line":267,"column":0},"end":{"line":275,"column":3}},"119":{"start":{"line":268,"column":2},"end":{"line":274,"column":3}},"120":{"start":{"line":269,"column":20},"end":{"line":269,"column":81}},"121":{"start":{"line":270,"column":4},"end":{"line":270,"column":70}},"122":{"start":{"line":270,"column":18},"end":{"line":270,"column":70}},"123":{"start":{"line":271,"column":4},"end":{"line":271,"column":45}},"124":{"start":{"line":273,"column":4},"end":{"line":273,"column":93}},"125":{"start":{"line":278,"column":0},"end":{"line":286,"column":3}},"126":{"start":{"line":279,"column":2},"end":{"line":285,"column":3}},"127":{"start":{"line":280,"column":20},"end":{"line":280,"column":81}},"128":{"start":{"line":281,"column":4},"end":{"line":281,"column":70}},"129":{"start":{"line":281,"column":18},"end":{"line":281,"column":70}},"130":{"start":{"line":282,"column":4},"end":{"line":282,"column":44}},"131":{"start":{"line":284,"column":4},"end":{"line":284,"column":92}},"132":{"start":{"line":289,"column":0},"end":{"line":300,"column":3}},"133":{"start":{"line":290,"column":2},"end":{"line":299,"column":3}},"134":{"start":{"line":291,"column":20},"end":{"line":291,"column":81}},"135":{"start":{"line":292,"column":4},"end":{"line":292,"column":70}},"136":{"start":{"line":292,"column":18},"end":{"line":292,"column":70}},"137":{"start":{"line":293,"column":17},"end":{"line":293,"column":47}},"138":{"start":{"line":294,"column":17},"end":{"line":294,"column":46}},"139":{"start":{"line":295,"column":21},"end":{"line":295,"column":38}},"140":{"start":{"line":296,"column":4},"end":{"line":296,"column":23}},"141":{"start":{"line":298,"column":4},"end":{"line":298,"column":83}},"142":{"start":{"line":303,"column":0},"end":{"line":311,"column":3}},"143":{"start":{"line":304,"column":2},"end":{"line":310,"column":3}},"144":{"start":{"line":305,"column":17},"end":{"line":305,"column":69}},"145":{"start":{"line":306,"column":17},"end":{"line":306,"column":34}},"146":{"start":{"line":307,"column":4},"end":{"line":307,"column":19}},"147":{"start":{"line":309,"column":4},"end":{"line":309,"column":90}},"148":{"start":{"line":313,"column":0},"end":{"line":318,"column":1}},"149":{"start":{"line":314,"column":2},"end":{"line":317,"column":5}},"150":{"start":{"line":315,"column":4},"end":{"line":315,"column":77}},"151":{"start":{"line":316,"column":4},"end":{"line":316,"column":77}},"152":{"start":{"line":320,"column":0},"end":{"line":320,"column":21}}},"fnMap":{"0":{"name":"(anonymous_0)","decl":{"start":{"line":92,"column":8},"end":{"line":92,"column":9}},"loc":{"start":{"line":92,"column":14},"end":{"line":95,"column":3}},"line":92},"1":{"name":"(anonymous_1)","decl":{"start":{"line":96,"column":9},"end":{"line":96,"column":10}},"loc":{"start":{"line":96,"column":16},"end":{"line":102,"column":3}},"line":96},"2":{"name":"signToken","decl":{"start":{"line":104,"column":9},"end":{"line":104,"column":18}},"loc":{"start":{"line":104,"column":35},"end":{"line":106,"column":1}},"line":104},"3":{"name":"(anonymous_3)","decl":{"start":{"line":108,"column":19},"end":{"line":108,"column":20}},"loc":{"start":{"line":108,"column":33},"end":{"line":110,"column":1}},"line":108},"4":{"name":"(anonymous_4)","decl":{"start":{"line":113,"column":24},"end":{"line":113,"column":25}},"loc":{"start":{"line":113,"column":38},"end":{"line":121,"column":1}},"line":113},"5":{"name":"(anonymous_5)","decl":{"start":{"line":124,"column":26},"end":{"line":124,"column":27}},"loc":{"start":{"line":124,"column":40},"end":{"line":134,"column":1}},"line":124},"6":{"name":"authMiddleware","decl":{"start":{"line":137,"column":9},"end":{"line":137,"column":23}},"loc":{"start":{"line":137,"column":40},"end":{"line":150,"column":1}},"line":137},"7":{"name":"(anonymous_7)","decl":{"start":{"line":153,"column":41},"end":{"line":153,"column":42}},"loc":{"start":{"line":153,"column":61},"end":{"line":175,"column":1}},"line":153},"8":{"name":"(anonymous_8)","decl":{"start":{"line":167,"column":35},"end":{"line":167,"column":36}},"loc":{"start":{"line":167,"column":43},"end":{"line":167,"column":79}},"line":167},"9":{"name":"(anonymous_9)","decl":{"start":{"line":178,"column":45},"end":{"line":178,"column":46}},"loc":{"start":{"line":178,"column":65},"end":{"line":186,"column":1}},"line":178},"10":{"name":"parseDate","decl":{"start":{"line":189,"column":9},"end":{"line":189,"column":18}},"loc":{"start":{"line":189,"column":22},"end":{"line":192,"column":1}},"line":189},"11":{"name":"(anonymous_11)","decl":{"start":{"line":195,"column":52},"end":{"line":195,"column":53}},"loc":{"start":{"line":195,"column":72},"end":{"line":231,"column":1}},"line":195},"12":{"name":"(anonymous_12)","decl":{"start":{"line":207,"column":29},"end":{"line":207,"column":30}},"loc":{"start":{"line":208,"column":8},"end":{"line":209,"column":62}},"line":208},"13":{"name":"(anonymous_13)","decl":{"start":{"line":214,"column":29},"end":{"line":214,"column":30}},"loc":{"start":{"line":214,"column":34},"end":{"line":217,"column":7}},"line":214},"14":{"name":"(anonymous_14)","decl":{"start":{"line":221,"column":29},"end":{"line":221,"column":30}},"loc":{"start":{"line":221,"column":34},"end":{"line":224,"column":7}},"line":221},"15":{"name":"(anonymous_15)","decl":{"start":{"line":234,"column":50},"end":{"line":234,"column":51}},"loc":{"start":{"line":234,"column":70},"end":{"line":242,"column":1}},"line":234},"16":{"name":"(anonymous_16)","decl":{"start":{"line":245,"column":57},"end":{"line":245,"column":58}},"loc":{"start":{"line":245,"column":77},"end":{"line":253,"column":1}},"line":245},"17":{"name":"(anonymous_17)","decl":{"start":{"line":256,"column":50},"end":{"line":256,"column":51}},"loc":{"start":{"line":256,"column":70},"end":{"line":264,"column":1}},"line":256},"18":{"name":"(anonymous_18)","decl":{"start":{"line":267,"column":62},"end":{"line":267,"column":63}},"loc":{"start":{"line":267,"column":82},"end":{"line":275,"column":1}},"line":267},"19":{"name":"(anonymous_19)","decl":{"start":{"line":278,"column":61},"end":{"line":278,"column":62}},"loc":{"start":{"line":278,"column":81},"end":{"line":286,"column":1}},"line":278},"20":{"name":"(anonymous_20)","decl":{"start":{"line":289,"column":52},"end":{"line":289,"column":53}},"loc":{"start":{"line":289,"column":72},"end":{"line":300,"column":1}},"line":289},"21":{"name":"(anonymous_21)","decl":{"start":{"line":303,"column":49},"end":{"line":303,"column":50}},"loc":{"start":{"line":303,"column":69},"end":{"line":311,"column":1}},"line":303},"22":{"name":"(anonymous_22)","decl":{"start":{"line":314,"column":19},"end":{"line":314,"column":20}},"loc":{"start":{"line":314,"column":25},"end":{"line":317,"column":3}},"line":314}},"branchMap":{"0":{"loc":{"start":{"line":18,"column":19},"end":{"line":18,"column":57}},"type":"binary-expr","locations":[{"start":{"line":18,"column":19},"end":{"line":18,"column":41}},{"start":{"line":18,"column":45},"end":{"line":18,"column":57}}],"line":18},"1":{"loc":{"start":{"line":19,"column":13},"end":{"line":19,"column":37}},"type":"binary-expr","locations":[{"start":{"line":19,"column":13},"end":{"line":19,"column":29}},{"start":{"line":19,"column":33},"end":{"line":19,"column":37}}],"line":19},"2":{"loc":{"start":{"line":20,"column":20},"end":{"line":20,"column":118}},"type":"binary-expr","locations":[{"start":{"line":20,"column":20},"end":{"line":20,"column":43}},{"start":{"line":20,"column":47},"end":{"line":20,"column":118}}],"line":20},"3":{"loc":{"start":{"line":21,"column":26},"end":{"line":21,"column":111}},"type":"binary-expr","locations":[{"start":{"line":21,"column":26},"end":{"line":21,"column":55}},{"start":{"line":21,"column":59},"end":{"line":21,"column":80}},{"start":{"line":21,"column":84},"end":{"line":21,"column":111}}],"line":21},"4":{"loc":{"start":{"line":98,"column":4},"end":{"line":101,"column":5}},"type":"if","locations":[{"start":{"line":98,"column":4},"end":{"line":101,"column":5}},{"start":{},"end":{}}],"line":98},"5":{"loc":{"start":{"line":114,"column":23},"end":{"line":114,"column":37}},"type":"binary-expr","locations":[{"start":{"line":114,"column":23},"end":{"line":114,"column":31}},{"start":{"line":114,"column":35},"end":{"line":114,"column":37}}],"line":114},"6":{"loc":{"start":{"line":115,"column":2},"end":{"line":115,"column":77}},"type":"if","locations":[{"start":{"line":115,"column":2},"end":{"line":115,"column":77}},{"start":{},"end":{}}],"line":115},"7":{"loc":{"start":{"line":118,"column":15},"end":{"line":118,"column":98}},"type":"cond-expr","locations":[{"start":{"line":118,"column":38},"end":{"line":118,"column":45}},{"start":{"line":118,"column":48},"end":{"line":118,"column":98}}],"line":118},"8":{"loc":{"start":{"line":118,"column":48},"end":{"line":118,"column":98}},"type":"cond-expr","locations":[{"start":{"line":118,"column":77},"end":{"line":118,"column":88}},{"start":{"line":118,"column":91},"end":{"line":118,"column":98}}],"line":118},"9":{"loc":{"start":{"line":125,"column":20},"end":{"line":125,"column":34}},"type":"binary-expr","locations":[{"start":{"line":125,"column":20},"end":{"line":125,"column":28}},{"start":{"line":125,"column":32},"end":{"line":125,"column":34}}],"line":125},"10":{"loc":{"start":{"line":126,"column":2},"end":{"line":126,"column":71}},"type":"if","locations":[{"start":{"line":126,"column":2},"end":{"line":126,"column":71}},{"start":{},"end":{}}],"line":126},"11":{"loc":{"start":{"line":129,"column":44},"end":{"line":129,"column":67}},"type":"binary-expr","locations":[{"start":{"line":129,"column":44},"end":{"line":129,"column":56}},{"start":{"line":129,"column":60},"end":{"line":129,"column":67}}],"line":129},"12":{"loc":{"start":{"line":139,"column":2},"end":{"line":139,"column":77}},"type":"if","locations":[{"start":{"line":139,"column":2},"end":{"line":139,"column":77}},{"start":{},"end":{}}],"line":139},"13":{"loc":{"start":{"line":141,"column":2},"end":{"line":141,"column":92}},"type":"if","locations":[{"start":{"line":141,"column":2},"end":{"line":141,"column":92}},{"start":{},"end":{}}],"line":141},"14":{"loc":{"start":{"line":155,"column":15},"end":{"line":155,"column":32}},"type":"binary-expr","locations":[{"start":{"line":155,"column":15},"end":{"line":155,"column":26}},{"start":{"line":155,"column":30},"end":{"line":155,"column":32}}],"line":155},"15":{"loc":{"start":{"line":158,"column":4},"end":{"line":168,"column":5}},"type":"if","locations":[{"start":{"line":158,"column":4},"end":{"line":168,"column":5}},{"start":{},"end":{}}],"line":158},"16":{"loc":{"start":{"line":161,"column":23},"end":{"line":161,"column":57}},"type":"cond-expr","locations":[{"start":{"line":161,"column":34},"end":{"line":161,"column":43}},{"start":{"line":161,"column":46},"end":{"line":161,"column":57}}],"line":161},"17":{"loc":{"start":{"line":181,"column":4},"end":{"line":181,"column":70}},"type":"if","locations":[{"start":{"line":181,"column":4},"end":{"line":181,"column":70}},{"start":{},"end":{}}],"line":181},"18":{"loc":{"start":{"line":191,"column":9},"end":{"line":191,"column":40}},"type":"cond-expr","locations":[{"start":{"line":191,"column":21},"end":{"line":191,"column":25}},{"start":{"line":191,"column":28},"end":{"line":191,"column":40}}],"line":191},"19":{"loc":{"start":{"line":198,"column":4},"end":{"line":198,"column":70}},"type":"if","locations":[{"start":{"line":198,"column":4},"end":{"line":198,"column":70}},{"start":{},"end":{}}],"line":198},"20":{"loc":{"start":{"line":200,"column":17},"end":{"line":200,"column":37}},"type":"binary-expr","locations":[{"start":{"line":200,"column":17},"end":{"line":200,"column":31}},{"start":{"line":200,"column":35},"end":{"line":200,"column":37}}],"line":200},"21":{"loc":{"start":{"line":202,"column":17},"end":{"line":202,"column":66}},"type":"cond-expr","locations":[{"start":{"line":202,"column":34},"end":{"line":202,"column":59}},{"start":{"line":202,"column":62},"end":{"line":202,"column":66}}],"line":202},"22":{"loc":{"start":{"line":203,"column":15},"end":{"line":203,"column":60}},"type":"cond-expr","locations":[{"start":{"line":203,"column":30},"end":{"line":203,"column":53}},{"start":{"line":203,"column":56},"end":{"line":203,"column":60}}],"line":203},"23":{"loc":{"start":{"line":204,"column":17},"end":{"line":204,"column":69}},"type":"cond-expr","locations":[{"start":{"line":204,"column":34},"end":{"line":204,"column":62}},{"start":{"line":204,"column":65},"end":{"line":204,"column":69}}],"line":204},"24":{"loc":{"start":{"line":206,"column":4},"end":{"line":211,"column":5}},"type":"if","locations":[{"start":{"line":206,"column":4},"end":{"line":211,"column":5}},{"start":{},"end":{}}],"line":206},"25":{"loc":{"start":{"line":208,"column":8},"end":{"line":209,"column":62}},"type":"binary-expr","locations":[{"start":{"line":208,"column":8},"end":{"line":208,"column":64}},{"start":{"line":209,"column":8},"end":{"line":209,"column":62}}],"line":208},"26":{"loc":{"start":{"line":208,"column":9},"end":{"line":208,"column":34}},"type":"binary-expr","locations":[{"start":{"line":208,"column":9},"end":{"line":208,"column":28}},{"start":{"line":208,"column":32},"end":{"line":208,"column":34}}],"line":208},"27":{"loc":{"start":{"line":209,"column":9},"end":{"line":209,"column":32}},"type":"binary-expr","locations":[{"start":{"line":209,"column":9},"end":{"line":209,"column":26}},{"start":{"line":209,"column":30},"end":{"line":209,"column":32}}],"line":209},"28":{"loc":{"start":{"line":213,"column":4},"end":{"line":218,"column":5}},"type":"if","locations":[{"start":{"line":213,"column":4},"end":{"line":218,"column":5}},{"start":{},"end":{}}],"line":213},"29":{"loc":{"start":{"line":216,"column":15},"end":{"line":216,"column":29}},"type":"binary-expr","locations":[{"start":{"line":216,"column":15},"end":{"line":216,"column":16}},{"start":{"line":216,"column":20},"end":{"line":216,"column":29}}],"line":216},"30":{"loc":{"start":{"line":220,"column":4},"end":{"line":225,"column":5}},"type":"if","locations":[{"start":{"line":220,"column":4},"end":{"line":225,"column":5}},{"start":{},"end":{}}],"line":220},"31":{"loc":{"start":{"line":223,"column":15},"end":{"line":223,"column":27}},"type":"binary-expr","locations":[{"start":{"line":223,"column":15},"end":{"line":223,"column":16}},{"start":{"line":223,"column":20},"end":{"line":223,"column":27}}],"line":223},"32":{"loc":{"start":{"line":237,"column":4},"end":{"line":237,"column":70}},"type":"if","locations":[{"start":{"line":237,"column":4},"end":{"line":237,"column":70}},{"start":{},"end":{}}],"line":237},"33":{"loc":{"start":{"line":238,"column":13},"end":{"line":238,"column":31}},"type":"binary-expr","locations":[{"start":{"line":238,"column":13},"end":{"line":238,"column":25}},{"start":{"line":238,"column":29},"end":{"line":238,"column":31}}],"line":238},"34":{"loc":{"start":{"line":248,"column":4},"end":{"line":248,"column":70}},"type":"if","locations":[{"start":{"line":248,"column":4},"end":{"line":248,"column":70}},{"start":{},"end":{}}],"line":248},"35":{"loc":{"start":{"line":249,"column":13},"end":{"line":249,"column":38}},"type":"binary-expr","locations":[{"start":{"line":249,"column":13},"end":{"line":249,"column":32}},{"start":{"line":249,"column":36},"end":{"line":249,"column":38}}],"line":249},"36":{"loc":{"start":{"line":259,"column":4},"end":{"line":259,"column":70}},"type":"if","locations":[{"start":{"line":259,"column":4},"end":{"line":259,"column":70}},{"start":{},"end":{}}],"line":259},"37":{"loc":{"start":{"line":260,"column":13},"end":{"line":260,"column":38}},"type":"binary-expr","locations":[{"start":{"line":260,"column":13},"end":{"line":260,"column":32}},{"start":{"line":260,"column":36},"end":{"line":260,"column":38}}],"line":260},"38":{"loc":{"start":{"line":270,"column":4},"end":{"line":270,"column":70}},"type":"if","locations":[{"start":{"line":270,"column":4},"end":{"line":270,"column":70}},{"start":{},"end":{}}],"line":270},"39":{"loc":{"start":{"line":271,"column":13},"end":{"line":271,"column":43}},"type":"binary-expr","locations":[{"start":{"line":271,"column":13},"end":{"line":271,"column":37}},{"start":{"line":271,"column":41},"end":{"line":271,"column":43}}],"line":271},"40":{"loc":{"start":{"line":281,"column":4},"end":{"line":281,"column":70}},"type":"if","locations":[{"start":{"line":281,"column":4},"end":{"line":281,"column":70}},{"start":{},"end":{}}],"line":281},"41":{"loc":{"start":{"line":282,"column":13},"end":{"line":282,"column":42}},"type":"binary-expr","locations":[{"start":{"line":282,"column":13},"end":{"line":282,"column":36}},{"start":{"line":282,"column":40},"end":{"line":282,"column":42}}],"line":282},"42":{"loc":{"start":{"line":292,"column":4},"end":{"line":292,"column":70}},"type":"if","locations":[{"start":{"line":292,"column":4},"end":{"line":292,"column":70}},{"start":{},"end":{}}],"line":292},"43":{"loc":{"start":{"line":293,"column":17},"end":{"line":293,"column":47}},"type":"binary-expr","locations":[{"start":{"line":293,"column":17},"end":{"line":293,"column":41}},{"start":{"line":293,"column":45},"end":{"line":293,"column":47}}],"line":293},"44":{"loc":{"start":{"line":294,"column":17},"end":{"line":294,"column":46}},"type":"binary-expr","locations":[{"start":{"line":294,"column":17},"end":{"line":294,"column":40}},{"start":{"line":294,"column":44},"end":{"line":294,"column":46}}],"line":294},"45":{"loc":{"start":{"line":313,"column":0},"end":{"line":318,"column":1}},"type":"if","locations":[{"start":{"line":313,"column":0},"end":{"line":318,"column":1}},{"start":{},"end":{}}],"line":313}},"s":{"0":1,"1":1,"2":1,"3":1,"4":1,"5":1,"6":1,"7":1,"8":1,"9":1,"10":1,"11":1,"12":1,"13":1,"14":1,"15":1,"16":1,"17":1,"18":1,"19":1,"20":1,"21":0,"22":0,"23":0,"24":1,"25":1,"26":1,"27":1,"28":1,"29":1,"30":0,"31":1,"32":1,"33":1,"34":1,"35":0,"36":0,"37":0,"38":0,"39":0,"40":0,"41":0,"42":0,"43":8,"44":8,"45":1,"46":7,"47":7,"48":0,"49":7,"50":7,"51":7,"52":7,"53":7,"54":0,"55":1,"56":1,"57":1,"58":1,"59":1,"60":0,"61":0,"62":0,"63":1,"64":1,"65":0,"66":1,"67":2,"68":2,"69":2,"70":1,"71":1,"72":0,"73":0,"74":0,"75":1,"76":1,"77":1,"78":1,"79":0,"80":1,"81":1,"82":1,"83":1,"84":1,"85":0,"86":0,"87":1,"88":0,"89":0,"90":0,"91":1,"92":0,"93":0,"94":0,"95":1,"96":0,"97":1,"98":0,"99":0,"100":0,"101":0,"102":0,"103":0,"104":1,"105":0,"106":0,"107":0,"108":0,"109":0,"110":0,"111":1,"112":1,"113":1,"114":1,"115":0,"116":1,"117":0,"118":1,"119":0,"120":0,"121":0,"122":0,"123":0,"124":0,"125":1,"126":0,"127":0,"128":0,"129":0,"130":0,"131":0,"132":1,"133":1,"134":1,"135":1,"136":0,"137":1,"138":1,"139":1,"140":1,"141":0,"142":1,"143":1,"144":1,"145":1,"146":1,"147":0,"148":1,"149":0,"150":0,"151":0,"152":1},"f":{"0":1,"1":0,"2":1,"3":1,"4":1,"5":0,"6":8,"7":1,"8":0,"9":2,"10":0,"11":1,"12":0,"13":0,"14":0,"15":0,"16":0,"17":1,"18":0,"19":0,"20":1,"21":1,"22":0},"b":{"0":[1,1],"1":[1,1],"2":[1,1],"3":[1,1,1],"4":[0,0],"5":[1,0],"6":[0,1],"7":[0,1],"8":[1,0],"9":[0,0],"10":[0,0],"11":[0,0],"12":[1,7],"13":[0,7],"14":[1,1],"15":[0,1],"16":[0,0],"17":[1,1],"18":[0,0],"19":[0,1],"20":[1,0],"21":[0,1],"22":[0,1],"23":[0,1],"24":[0,1],"25":[0,0],"26":[0,0],"27":[0,0],"28":[0,1],"29":[0,0],"30":[0,1],"31":[0,0],"32":[0,0],"33":[0,0],"34":[0,0],"35":[0,0],"36":[0,1],"37":[1,1],"38":[0,0],"39":[0,0],"40":[0,0],"41":[0,0],"42":[0,1],"43":[1,1],"44":[1,1],"45":[0,1]},"_coverageSchema":"1a1c01bbd47fc00a2c39e90264f33305004495a9","hash":"9d6ed80138acf42e0bb07b1804a4d5c6b9883993"}
}
