{"C:\\source\\github\\PatientRecords\\backend\\server.js": {"path":"C:\\source\\github\\PatientRecords\\backend\\server.js","statementMap":{"0":{"start":{"line":1,"column":16},"end":{"line":1,"column":34}},"1":{"start":{"line":2,"column":19},"end":{"line":2,"column":41}},"2":{"start":{"line":3,"column":13},"end":{"line":3,"column":28}},"3":{"start":{"line":4,"column":12},"end":{"line":4,"column":35}},"4":{"start":{"line":5,"column":18},"end":{"line":5,"column":47}},"5":{"start":{"line":6,"column":20},"end":{"line":6,"column":45}},"6":{"start":{"line":8,"column":12},"end":{"line":8,"column":21}},"7":{"start":{"line":9,"column":0},"end":{"line":9,"column":16}},"8":{"start":{"line":10,"column":0},"end":{"line":10,"column":27}},"9":{"start":{"line":13,"column":0},"end":{"line":13,"column":68}},"10":{"start":{"line":15,"column":19},"end":{"line":15,"column":57}},"11":{"start":{"line":16,"column":13},"end":{"line":16,"column":37}},"12":{"start":{"line":18,"column":13},"end":{"line":18,"column":28}},"13":{"start":{"line":19,"column":11},"end":{"line":19,"column":24}},"14":{"start":{"line":20,"column":26},"end":{"line":20,"column":111}},"15":{"start":{"line":23,"column":2},"end":{"line":23,"column":76}},"16":{"start":{"line":26,"column":0},"end":{"line":28,"column":3}},"17":{"start":{"line":27,"column":2},"end":{"line":27,"column":29}},"18":{"start":{"line":31,"column":0},"end":{"line":39,"column":3}},"19":{"start":{"line":32,"column":23},"end":{"line":32,"column":37}},"20":{"start":{"line":33,"column":2},"end":{"line":33,"column":77}},"21":{"start":{"line":33,"column":17},"end":{"line":33,"column":77}},"22":{"start":{"line":36,"column":15},"end":{"line":36,"column":98}},"23":{"start":{"line":37,"column":16},"end":{"line":37,"column":41}},"24":{"start":{"line":38,"column":2},"end":{"line":38,"column":79}},"25":{"start":{"line":42,"column":0},"end":{"line":52,"column":3}},"26":{"start":{"line":43,"column":20},"end":{"line":43,"column":34}},"27":{"start":{"line":44,"column":2},"end":{"line":44,"column":71}},"28":{"start":{"line":44,"column":14},"end":{"line":44,"column":71}},"29":{"start":{"line":45,"column":2},"end":{"line":51,"column":3}},"30":{"start":{"line":46,"column":20},"end":{"line":46,"column":77}},"31":{"start":{"line":47,"column":21},"end":{"line":47,"column":68}},"32":{"start":{"line":48,"column":4},"end":{"line":48,"column":85}},"33":{"start":{"line":50,"column":4},"end":{"line":50,"column":60}},"34":{"start":{"line":56,"column":15},"end":{"line":56,"column":40}},"35":{"start":{"line":57,"column":2},"end":{"line":57,"column":77}},"36":{"start":{"line":57,"column":13},"end":{"line":57,"column":77}},"37":{"start":{"line":58,"column":16},"end":{"line":58,"column":31}},"38":{"start":{"line":59,"column":2},"end":{"line":59,"column":92}},"39":{"start":{"line":59,"column":26},"end":{"line":59,"column":92}},"40":{"start":{"line":60,"column":16},"end":{"line":60,"column":24}},"41":{"start":{"line":61,"column":2},"end":{"line":67,"column":3}},"42":{"start":{"line":62,"column":20},"end":{"line":62,"column":49}},"43":{"start":{"line":63,"column":4},"end":{"line":63,"column":23}},"44":{"start":{"line":64,"column":4},"end":{"line":64,"column":11}},"45":{"start":{"line":66,"column":4},"end":{"line":66,"column":60}},"46":{"start":{"line":70,"column":0},"end":{"line":87,"column":3}},"47":{"start":{"line":72,"column":2},"end":{"line":86,"column":3}},"48":{"start":{"line":73,"column":21},"end":{"line":73,"column":100}},"49":{"start":{"line":74,"column":16},"end":{"line":74,"column":49}},"50":{"start":{"line":75,"column":21},"end":{"line":75,"column":36}},"51":{"start":{"line":77,"column":14},"end":{"line":77,"column":47}},"52":{"start":{"line":78,"column":21},"end":{"line":80,"column":16}},"53":{"start":{"line":79,"column":29},"end":{"line":79,"column":148}},"54":{"start":{"line":82,"column":17},"end":{"line":82,"column":110}},"55":{"start":{"line":82,"column":36},"end":{"line":82,"column":108}},"56":{"start":{"line":83,"column":4},"end":{"line":83,"column":19}},"57":{"start":{"line":85,"column":4},"end":{"line":85,"column":88}},"58":{"start":{"line":89,"column":0},"end":{"line":100,"column":3}},"59":{"start":{"line":90,"column":2},"end":{"line":99,"column":3}},"60":{"start":{"line":91,"column":21},"end":{"line":91,"column":100}},"61":{"start":{"line":92,"column":16},"end":{"line":92,"column":49}},"62":{"start":{"line":93,"column":21},"end":{"line":93,"column":36}},"63":{"start":{"line":94,"column":14},"end":{"line":94,"column":79}},"64":{"start":{"line":94,"column":33},"end":{"line":94,"column":78}},"65":{"start":{"line":95,"column":4},"end":{"line":95,"column":64}},"66":{"start":{"line":95,"column":12},"end":{"line":95,"column":64}},"67":{"start":{"line":96,"column":4},"end":{"line":96,"column":16}},"68":{"start":{"line":98,"column":4},"end":{"line":98,"column":88}},"69":{"start":{"line":103,"column":0},"end":{"line":111,"column":3}},"70":{"start":{"line":104,"column":2},"end":{"line":110,"column":3}},"71":{"start":{"line":105,"column":17},"end":{"line":105,"column":69}},"72":{"start":{"line":106,"column":17},"end":{"line":106,"column":34}},"73":{"start":{"line":107,"column":4},"end":{"line":107,"column":19}},"74":{"start":{"line":109,"column":4},"end":{"line":109,"column":90}},"75":{"start":{"line":115,"column":2},"end":{"line":115,"column":64}},"76":{"start":{"line":115,"column":28},"end":{"line":115,"column":62}},"77":{"start":{"line":120,"column":13},"end":{"line":120,"column":26}},"78":{"start":{"line":121,"column":2},"end":{"line":121,"column":41}},"79":{"start":{"line":126,"column":2},"end":{"line":136,"column":3}},"80":{"start":{"line":127,"column":21},"end":{"line":127,"column":100}},"81":{"start":{"line":128,"column":16},"end":{"line":128,"column":49}},"82":{"start":{"line":129,"column":21},"end":{"line":129,"column":36}},"83":{"start":{"line":130,"column":20},"end":{"line":130,"column":59}},"84":{"start":{"line":131,"column":4},"end":{"line":131,"column":70}},"85":{"start":{"line":131,"column":18},"end":{"line":131,"column":70}},"86":{"start":{"line":132,"column":18},"end":{"line":132,"column":47}},"87":{"start":{"line":133,"column":4},"end":{"line":133,"column":20}},"88":{"start":{"line":135,"column":4},"end":{"line":135,"column":88}},"89":{"start":{"line":140,"column":0},"end":{"line":164,"column":3}},"90":{"start":{"line":141,"column":2},"end":{"line":163,"column":3}},"91":{"start":{"line":142,"column":21},"end":{"line":142,"column":100}},"92":{"start":{"line":143,"column":16},"end":{"line":143,"column":49}},"93":{"start":{"line":144,"column":21},"end":{"line":144,"column":36}},"94":{"start":{"line":145,"column":20},"end":{"line":145,"column":59}},"95":{"start":{"line":146,"column":4},"end":{"line":146,"column":70}},"96":{"start":{"line":146,"column":18},"end":{"line":146,"column":70}},"97":{"start":{"line":147,"column":17},"end":{"line":147,"column":37}},"98":{"start":{"line":148,"column":17},"end":{"line":148,"column":66}},"99":{"start":{"line":149,"column":15},"end":{"line":149,"column":60}},"100":{"start":{"line":150,"column":17},"end":{"line":150,"column":69}},"101":{"start":{"line":151,"column":4},"end":{"line":153,"column":5}},"102":{"start":{"line":152,"column":6},"end":{"line":152,"column":150}},"103":{"start":{"line":152,"column":34},"end":{"line":152,"column":148}},"104":{"start":{"line":154,"column":4},"end":{"line":156,"column":5}},"105":{"start":{"line":155,"column":6},"end":{"line":155,"column":104}},"106":{"start":{"line":155,"column":46},"end":{"line":155,"column":76}},"107":{"start":{"line":155,"column":78},"end":{"line":155,"column":100}},"108":{"start":{"line":157,"column":4},"end":{"line":159,"column":5}},"109":{"start":{"line":158,"column":6},"end":{"line":158,"column":102}},"110":{"start":{"line":158,"column":46},"end":{"line":158,"column":76}},"111":{"start":{"line":158,"column":78},"end":{"line":158,"column":98}},"112":{"start":{"line":160,"column":4},"end":{"line":160,"column":21}},"113":{"start":{"line":162,"column":4},"end":{"line":162,"column":88}},"114":{"start":{"line":167,"column":0},"end":{"line":167,"column":98}},"115":{"start":{"line":167,"column":64},"end":{"line":167,"column":96}},"116":{"start":{"line":170,"column":0},"end":{"line":170,"column":122}},"117":{"start":{"line":170,"column":76},"end":{"line":170,"column":120}},"118":{"start":{"line":173,"column":0},"end":{"line":173,"column":120}},"119":{"start":{"line":173,"column":75},"end":{"line":173,"column":118}},"120":{"start":{"line":176,"column":0},"end":{"line":176,"column":112}},"121":{"start":{"line":176,"column":71},"end":{"line":176,"column":110}},"122":{"start":{"line":179,"column":0},"end":{"line":179,"column":105}},"123":{"start":{"line":179,"column":64},"end":{"line":179,"column":103}},"124":{"start":{"line":182,"column":0},"end":{"line":196,"column":3}},"125":{"start":{"line":183,"column":2},"end":{"line":195,"column":3}},"126":{"start":{"line":184,"column":21},"end":{"line":184,"column":100}},"127":{"start":{"line":185,"column":16},"end":{"line":185,"column":49}},"128":{"start":{"line":186,"column":21},"end":{"line":186,"column":36}},"129":{"start":{"line":187,"column":20},"end":{"line":187,"column":59}},"130":{"start":{"line":188,"column":4},"end":{"line":188,"column":70}},"131":{"start":{"line":188,"column":18},"end":{"line":188,"column":70}},"132":{"start":{"line":189,"column":17},"end":{"line":189,"column":47}},"133":{"start":{"line":190,"column":17},"end":{"line":190,"column":46}},"134":{"start":{"line":191,"column":21},"end":{"line":191,"column":38}},"135":{"start":{"line":192,"column":4},"end":{"line":192,"column":23}},"136":{"start":{"line":194,"column":4},"end":{"line":194,"column":88}},"137":{"start":{"line":198,"column":0},"end":{"line":202,"column":1}},"138":{"start":{"line":199,"column":2},"end":{"line":201,"column":5}},"139":{"start":{"line":200,"column":4},"end":{"line":200,"column":53}},"140":{"start":{"line":204,"column":0},"end":{"line":204,"column":21}}},"fnMap":{"0":{"name":"signToken","decl":{"start":{"line":22,"column":9},"end":{"line":22,"column":18}},"loc":{"start":{"line":22,"column":35},"end":{"line":24,"column":1}},"line":22},"1":{"name":"(anonymous_1)","decl":{"start":{"line":26,"column":19},"end":{"line":26,"column":20}},"loc":{"start":{"line":26,"column":33},"end":{"line":28,"column":1}},"line":26},"2":{"name":"(anonymous_2)","decl":{"start":{"line":31,"column":24},"end":{"line":31,"column":25}},"loc":{"start":{"line":31,"column":38},"end":{"line":39,"column":1}},"line":31},"3":{"name":"(anonymous_3)","decl":{"start":{"line":42,"column":26},"end":{"line":42,"column":27}},"loc":{"start":{"line":42,"column":40},"end":{"line":52,"column":1}},"line":42},"4":{"name":"authMiddleware","decl":{"start":{"line":55,"column":9},"end":{"line":55,"column":23}},"loc":{"start":{"line":55,"column":40},"end":{"line":68,"column":1}},"line":55},"5":{"name":"(anonymous_5)","decl":{"start":{"line":70,"column":41},"end":{"line":70,"column":42}},"loc":{"start":{"line":70,"column":55},"end":{"line":87,"column":1}},"line":70},"6":{"name":"(anonymous_6)","decl":{"start":{"line":79,"column":24},"end":{"line":79,"column":25}},"loc":{"start":{"line":79,"column":29},"end":{"line":79,"column":148}},"line":79},"7":{"name":"(anonymous_7)","decl":{"start":{"line":82,"column":30},"end":{"line":82,"column":31}},"loc":{"start":{"line":82,"column":36},"end":{"line":82,"column":108}},"line":82},"8":{"name":"(anonymous_8)","decl":{"start":{"line":89,"column":45},"end":{"line":89,"column":46}},"loc":{"start":{"line":89,"column":59},"end":{"line":100,"column":1}},"line":89},"9":{"name":"(anonymous_9)","decl":{"start":{"line":94,"column":28},"end":{"line":94,"column":29}},"loc":{"start":{"line":94,"column":33},"end":{"line":94,"column":78}},"line":94},"10":{"name":"(anonymous_10)","decl":{"start":{"line":103,"column":49},"end":{"line":103,"column":50}},"loc":{"start":{"line":103,"column":69},"end":{"line":111,"column":1}},"line":103},"11":{"name":"getPatientById","decl":{"start":{"line":114,"column":9},"end":{"line":114,"column":23}},"loc":{"start":{"line":114,"column":38},"end":{"line":116,"column":1}},"line":114},"12":{"name":"(anonymous_12)","decl":{"start":{"line":115,"column":23},"end":{"line":115,"column":24}},"loc":{"start":{"line":115,"column":28},"end":{"line":115,"column":62}},"line":115},"13":{"name":"parseDate","decl":{"start":{"line":119,"column":9},"end":{"line":119,"column":18}},"loc":{"start":{"line":119,"column":22},"end":{"line":122,"column":1}},"line":119},"14":{"name":"sendCollection","decl":{"start":{"line":125,"column":9},"end":{"line":125,"column":23}},"loc":{"start":{"line":125,"column":50},"end":{"line":137,"column":1}},"line":125},"15":{"name":"(anonymous_15)","decl":{"start":{"line":140,"column":52},"end":{"line":140,"column":53}},"loc":{"start":{"line":140,"column":66},"end":{"line":164,"column":1}},"line":140},"16":{"name":"(anonymous_16)","decl":{"start":{"line":152,"column":29},"end":{"line":152,"column":30}},"loc":{"start":{"line":152,"column":34},"end":{"line":152,"column":148}},"line":152},"17":{"name":"(anonymous_17)","decl":{"start":{"line":155,"column":29},"end":{"line":155,"column":30}},"loc":{"start":{"line":155,"column":34},"end":{"line":155,"column":102}},"line":155},"18":{"name":"(anonymous_18)","decl":{"start":{"line":158,"column":29},"end":{"line":158,"column":30}},"loc":{"start":{"line":158,"column":34},"end":{"line":158,"column":100}},"line":158},"19":{"name":"(anonymous_19)","decl":{"start":{"line":167,"column":50},"end":{"line":167,"column":51}},"loc":{"start":{"line":167,"column":64},"end":{"line":167,"column":96}},"line":167},"20":{"name":"(anonymous_20)","decl":{"start":{"line":170,"column":62},"end":{"line":170,"column":63}},"loc":{"start":{"line":170,"column":76},"end":{"line":170,"column":120}},"line":170},"21":{"name":"(anonymous_21)","decl":{"start":{"line":173,"column":61},"end":{"line":173,"column":62}},"loc":{"start":{"line":173,"column":75},"end":{"line":173,"column":118}},"line":173},"22":{"name":"(anonymous_22)","decl":{"start":{"line":176,"column":57},"end":{"line":176,"column":58}},"loc":{"start":{"line":176,"column":71},"end":{"line":176,"column":110}},"line":176},"23":{"name":"(anonymous_23)","decl":{"start":{"line":179,"column":50},"end":{"line":179,"column":51}},"loc":{"start":{"line":179,"column":64},"end":{"line":179,"column":103}},"line":179},"24":{"name":"(anonymous_24)","decl":{"start":{"line":182,"column":52},"end":{"line":182,"column":53}},"loc":{"start":{"line":182,"column":66},"end":{"line":196,"column":1}},"line":182},"25":{"name":"(anonymous_25)","decl":{"start":{"line":199,"column":19},"end":{"line":199,"column":20}},"loc":{"start":{"line":199,"column":25},"end":{"line":201,"column":3}},"line":199}},"branchMap":{"0":{"loc":{"start":{"line":15,"column":19},"end":{"line":15,"column":57}},"type":"binary-expr","locations":[{"start":{"line":15,"column":19},"end":{"line":15,"column":41}},{"start":{"line":15,"column":45},"end":{"line":15,"column":57}}],"line":15},"1":{"loc":{"start":{"line":16,"column":13},"end":{"line":16,"column":37}},"type":"binary-expr","locations":[{"start":{"line":16,"column":13},"end":{"line":16,"column":29}},{"start":{"line":16,"column":33},"end":{"line":16,"column":37}}],"line":16},"2":{"loc":{"start":{"line":20,"column":26},"end":{"line":20,"column":111}},"type":"binary-expr","locations":[{"start":{"line":20,"column":26},"end":{"line":20,"column":55}},{"start":{"line":20,"column":59},"end":{"line":20,"column":80}},{"start":{"line":20,"column":84},"end":{"line":20,"column":111}}],"line":20},"3":{"loc":{"start":{"line":32,"column":23},"end":{"line":32,"column":37}},"type":"binary-expr","locations":[{"start":{"line":32,"column":23},"end":{"line":32,"column":31}},{"start":{"line":32,"column":35},"end":{"line":32,"column":37}}],"line":32},"4":{"loc":{"start":{"line":33,"column":2},"end":{"line":33,"column":77}},"type":"if","locations":[{"start":{"line":33,"column":2},"end":{"line":33,"column":77}},{"start":{},"end":{}}],"line":33},"5":{"loc":{"start":{"line":36,"column":15},"end":{"line":36,"column":98}},"type":"cond-expr","locations":[{"start":{"line":36,"column":38},"end":{"line":36,"column":45}},{"start":{"line":36,"column":48},"end":{"line":36,"column":98}}],"line":36},"6":{"loc":{"start":{"line":36,"column":48},"end":{"line":36,"column":98}},"type":"cond-expr","locations":[{"start":{"line":36,"column":77},"end":{"line":36,"column":88}},{"start":{"line":36,"column":91},"end":{"line":36,"column":98}}],"line":36},"7":{"loc":{"start":{"line":43,"column":20},"end":{"line":43,"column":34}},"type":"binary-expr","locations":[{"start":{"line":43,"column":20},"end":{"line":43,"column":28}},{"start":{"line":43,"column":32},"end":{"line":43,"column":34}}],"line":43},"8":{"loc":{"start":{"line":44,"column":2},"end":{"line":44,"column":71}},"type":"if","locations":[{"start":{"line":44,"column":2},"end":{"line":44,"column":71}},{"start":{},"end":{}}],"line":44},"9":{"loc":{"start":{"line":47,"column":44},"end":{"line":47,"column":67}},"type":"binary-expr","locations":[{"start":{"line":47,"column":44},"end":{"line":47,"column":56}},{"start":{"line":47,"column":60},"end":{"line":47,"column":67}}],"line":47},"10":{"loc":{"start":{"line":57,"column":2},"end":{"line":57,"column":77}},"type":"if","locations":[{"start":{"line":57,"column":2},"end":{"line":57,"column":77}},{"start":{},"end":{}}],"line":57},"11":{"loc":{"start":{"line":59,"column":2},"end":{"line":59,"column":92}},"type":"if","locations":[{"start":{"line":59,"column":2},"end":{"line":59,"column":92}},{"start":{},"end":{}}],"line":59},"12":{"loc":{"start":{"line":77,"column":15},"end":{"line":77,"column":32}},"type":"binary-expr","locations":[{"start":{"line":77,"column":15},"end":{"line":77,"column":26}},{"start":{"line":77,"column":30},"end":{"line":77,"column":32}}],"line":77},"13":{"loc":{"start":{"line":78,"column":21},"end":{"line":80,"column":16}},"type":"cond-expr","locations":[{"start":{"line":79,"column":8},"end":{"line":79,"column":149}},{"start":{"line":80,"column":8},"end":{"line":80,"column":16}}],"line":78},"14":{"loc":{"start":{"line":79,"column":29},"end":{"line":79,"column":148}},"type":"binary-expr","locations":[{"start":{"line":79,"column":29},"end":{"line":79,"column":74}},{"start":{"line":79,"column":78},"end":{"line":79,"column":148}}],"line":79},"15":{"loc":{"start":{"line":79,"column":80},"end":{"line":79,"column":95}},"type":"binary-expr","locations":[{"start":{"line":79,"column":80},"end":{"line":79,"column":91}},{"start":{"line":79,"column":93},"end":{"line":79,"column":95}}],"line":79},"16":{"loc":{"start":{"line":79,"column":106},"end":{"line":79,"column":120}},"type":"binary-expr","locations":[{"start":{"line":79,"column":106},"end":{"line":79,"column":116}},{"start":{"line":79,"column":118},"end":{"line":79,"column":120}}],"line":79},"17":{"loc":{"start":{"line":95,"column":4},"end":{"line":95,"column":64}},"type":"if","locations":[{"start":{"line":95,"column":4},"end":{"line":95,"column":64}},{"start":{},"end":{}}],"line":95},"18":{"loc":{"start":{"line":121,"column":9},"end":{"line":121,"column":40}},"type":"cond-expr","locations":[{"start":{"line":121,"column":21},"end":{"line":121,"column":25}},{"start":{"line":121,"column":28},"end":{"line":121,"column":40}}],"line":121},"19":{"loc":{"start":{"line":131,"column":4},"end":{"line":131,"column":70}},"type":"if","locations":[{"start":{"line":131,"column":4},"end":{"line":131,"column":70}},{"start":{},"end":{}}],"line":131},"20":{"loc":{"start":{"line":132,"column":18},"end":{"line":132,"column":47}},"type":"binary-expr","locations":[{"start":{"line":132,"column":18},"end":{"line":132,"column":41}},{"start":{"line":132,"column":45},"end":{"line":132,"column":47}}],"line":132},"21":{"loc":{"start":{"line":146,"column":4},"end":{"line":146,"column":70}},"type":"if","locations":[{"start":{"line":146,"column":4},"end":{"line":146,"column":70}},{"start":{},"end":{}}],"line":146},"22":{"loc":{"start":{"line":147,"column":17},"end":{"line":147,"column":37}},"type":"binary-expr","locations":[{"start":{"line":147,"column":17},"end":{"line":147,"column":31}},{"start":{"line":147,"column":35},"end":{"line":147,"column":37}}],"line":147},"23":{"loc":{"start":{"line":148,"column":17},"end":{"line":148,"column":66}},"type":"cond-expr","locations":[{"start":{"line":148,"column":34},"end":{"line":148,"column":59}},{"start":{"line":148,"column":62},"end":{"line":148,"column":66}}],"line":148},"24":{"loc":{"start":{"line":149,"column":15},"end":{"line":149,"column":60}},"type":"cond-expr","locations":[{"start":{"line":149,"column":30},"end":{"line":149,"column":53}},{"start":{"line":149,"column":56},"end":{"line":149,"column":60}}],"line":149},"25":{"loc":{"start":{"line":150,"column":17},"end":{"line":150,"column":69}},"type":"cond-expr","locations":[{"start":{"line":150,"column":34},"end":{"line":150,"column":62}},{"start":{"line":150,"column":65},"end":{"line":150,"column":69}}],"line":150},"26":{"loc":{"start":{"line":151,"column":4},"end":{"line":153,"column":5}},"type":"if","locations":[{"start":{"line":151,"column":4},"end":{"line":153,"column":5}},{"start":{},"end":{}}],"line":151},"27":{"loc":{"start":{"line":152,"column":34},"end":{"line":152,"column":148}},"type":"binary-expr","locations":[{"start":{"line":152,"column":34},"end":{"line":152,"column":90}},{"start":{"line":152,"column":94},"end":{"line":152,"column":148}}],"line":152},"28":{"loc":{"start":{"line":152,"column":35},"end":{"line":152,"column":60}},"type":"binary-expr","locations":[{"start":{"line":152,"column":35},"end":{"line":152,"column":54}},{"start":{"line":152,"column":58},"end":{"line":152,"column":60}}],"line":152},"29":{"loc":{"start":{"line":152,"column":95},"end":{"line":152,"column":118}},"type":"binary-expr","locations":[{"start":{"line":152,"column":95},"end":{"line":152,"column":112}},{"start":{"line":152,"column":116},"end":{"line":152,"column":118}}],"line":152},"30":{"loc":{"start":{"line":154,"column":4},"end":{"line":156,"column":5}},"type":"if","locations":[{"start":{"line":154,"column":4},"end":{"line":156,"column":5}},{"start":{},"end":{}}],"line":154},"31":{"loc":{"start":{"line":155,"column":85},"end":{"line":155,"column":99}},"type":"binary-expr","locations":[{"start":{"line":155,"column":85},"end":{"line":155,"column":86}},{"start":{"line":155,"column":90},"end":{"line":155,"column":99}}],"line":155},"32":{"loc":{"start":{"line":157,"column":4},"end":{"line":159,"column":5}},"type":"if","locations":[{"start":{"line":157,"column":4},"end":{"line":159,"column":5}},{"start":{},"end":{}}],"line":157},"33":{"loc":{"start":{"line":158,"column":85},"end":{"line":158,"column":97}},"type":"binary-expr","locations":[{"start":{"line":158,"column":85},"end":{"line":158,"column":86}},{"start":{"line":158,"column":90},"end":{"line":158,"column":97}}],"line":158},"34":{"loc":{"start":{"line":188,"column":4},"end":{"line":188,"column":70}},"type":"if","locations":[{"start":{"line":188,"column":4},"end":{"line":188,"column":70}},{"start":{},"end":{}}],"line":188},"35":{"loc":{"start":{"line":189,"column":17},"end":{"line":189,"column":47}},"type":"binary-expr","locations":[{"start":{"line":189,"column":17},"end":{"line":189,"column":41}},{"start":{"line":189,"column":45},"end":{"line":189,"column":47}}],"line":189},"36":{"loc":{"start":{"line":190,"column":17},"end":{"line":190,"column":46}},"type":"binary-expr","locations":[{"start":{"line":190,"column":17},"end":{"line":190,"column":40}},{"start":{"line":190,"column":44},"end":{"line":190,"column":46}}],"line":190},"37":{"loc":{"start":{"line":198,"column":0},"end":{"line":202,"column":1}},"type":"if","locations":[{"start":{"line":198,"column":0},"end":{"line":202,"column":1}},{"start":{},"end":{}}],"line":198}},"s":{"0":1,"1":1,"2":1,"3":1,"4":1,"5":1,"6":1,"7":1,"8":1,"9":1,"10":1,"11":1,"12":1,"13":1,"14":1,"15":1,"16":1,"17":1,"18":1,"19":1,"20":1,"21":0,"22":1,"23":1,"24":1,"25":1,"26":0,"27":0,"28":0,"29":0,"30":0,"31":0,"32":0,"33":0,"34":8,"35":8,"36":1,"37":7,"38":7,"39":0,"40":7,"41":7,"42":7,"43":7,"44":7,"45":0,"46":1,"47":1,"48":1,"49":1,"50":1,"51":1,"52":1,"53":0,"54":1,"55":1,"56":1,"57":0,"58":1,"59":2,"60":2,"61":2,"62":2,"63":2,"64":2,"65":2,"66":1,"67":1,"68":0,"69":1,"70":1,"71":1,"72":1,"73":1,"74":0,"75":3,"76":3,"77":0,"78":0,"79":1,"80":1,"81":1,"82":1,"83":1,"84":1,"85":0,"86":1,"87":1,"88":0,"89":1,"90":1,"91":1,"92":1,"93":1,"94":1,"95":1,"96":0,"97":1,"98":1,"99":1,"100":1,"101":1,"102":0,"103":0,"104":1,"105":0,"106":0,"107":0,"108":1,"109":0,"110":0,"111":0,"112":1,"113":0,"114":1,"115":0,"116":1,"117":0,"118":1,"119":0,"120":1,"121":0,"122":1,"123":1,"124":1,"125":1,"126":1,"127":1,"128":1,"129":1,"130":1,"131":0,"132":1,"133":1,"134":1,"135":1,"136":0,"137":1,"138":0,"139":0,"140":1},"f":{"0":1,"1":1,"2":1,"3":0,"4":8,"5":1,"6":0,"7":1,"8":2,"9":2,"10":1,"11":3,"12":3,"13":0,"14":1,"15":1,"16":0,"17":0,"18":0,"19":0,"20":0,"21":0,"22":0,"23":1,"24":1,"25":0},"b":{"0":[1,1],"1":[1,1],"2":[1,1,1],"3":[1,0],"4":[0,1],"5":[0,1],"6":[1,0],"7":[0,0],"8":[0,0],"9":[0,0],"10":[1,7],"11":[0,7],"12":[1,1],"13":[0,1],"14":[0,0],"15":[0,0],"16":[0,0],"17":[1,1],"18":[0,0],"19":[0,1],"20":[1,1],"21":[0,1],"22":[1,0],"23":[0,1],"24":[0,1],"25":[0,1],"26":[0,1],"27":[0,0],"28":[0,0],"29":[0,0],"30":[0,1],"31":[0,0],"32":[0,1],"33":[0,0],"34":[0,1],"35":[1,1],"36":[1,1],"37":[0,1]},"_coverageSchema":"1a1c01bbd47fc00a2c39e90264f33305004495a9","hash":"a63ad0cb68cb17cbefa11a52002619370b817a0b"}
}
