TN:
SF:server.js
FN:92,(anonymous_0)
FN:96,(anonymous_1)
FN:104,signToken
FN:108,(anonymous_3)
FN:113,(anonymous_4)
FN:124,(anonymous_5)
FN:137,authMiddleware
FN:153,(anonymous_7)
FN:167,(anonymous_8)
FN:178,(anonymous_9)
FN:189,parseDate
FN:195,(anonymous_11)
FN:207,(anonymous_12)
FN:214,(anonymous_13)
FN:221,(anonymous_14)
FN:234,(anonymous_15)
FN:245,(anonymous_16)
FN:256,(anonymous_17)
FN:267,(anonymous_18)
FN:278,(anonymous_19)
FN:289,(anonymous_20)
FN:303,(anonymous_21)
FN:314,(anonymous_22)
FNF:23
FNH:11
FNDA:1,(anonymous_0)
FNDA:0,(anonymous_1)
FNDA:1,signToken
FNDA:1,(anonymous_3)
FNDA:1,(anonymous_4)
FNDA:0,(anonymous_5)
FNDA:8,authMiddleware
FNDA:1,(anonymous_7)
FNDA:0,(anonymous_8)
FNDA:2,(anonymous_9)
FNDA:0,parseDate
FNDA:1,(anonymous_11)
FNDA:0,(anonymous_12)
FNDA:0,(anonymous_13)
FNDA:0,(anonymous_14)
FNDA:0,(anonymous_15)
FNDA:0,(anonymous_16)
FNDA:1,(anonymous_17)
FNDA:0,(anonymous_18)
FNDA:0,(anonymous_19)
FNDA:1,(anonymous_20)
FNDA:1,(anonymous_21)
FNDA:0,(anonymous_22)
DA:1,1
DA:2,1
DA:3,1
DA:4,1
DA:5,1
DA:6,1
DA:7,1
DA:10,1
DA:11,1
DA:12,1
DA:15,1
DA:18,1
DA:19,1
DA:20,1
DA:21,1
DA:24,1
DA:87,1
DA:90,1
DA:91,1
DA:93,1
DA:94,1
DA:97,0
DA:98,0
DA:100,0
DA:105,1
DA:108,1
DA:109,1
DA:113,1
DA:114,1
DA:115,1
DA:118,1
DA:119,1
DA:120,1
DA:124,1
DA:125,0
DA:126,0
DA:127,0
DA:128,0
DA:129,0
DA:130,0
DA:132,0
DA:138,8
DA:139,8
DA:140,7
DA:141,7
DA:142,7
DA:143,7
DA:144,7
DA:145,7
DA:146,7
DA:148,0
DA:153,1
DA:154,1
DA:155,1
DA:156,1
DA:158,1
DA:159,0
DA:167,0
DA:170,1
DA:171,1
DA:173,0
DA:178,1
DA:179,2
DA:180,2
DA:181,2
DA:182,1
DA:184,0
DA:190,0
DA:191,0
DA:195,1
DA:196,1
DA:197,1
DA:198,1
DA:200,1
DA:202,1
DA:203,1
DA:204,1
DA:206,1
DA:207,0
DA:208,0
DA:213,1
DA:214,0
DA:215,0
DA:216,0
DA:220,1
DA:221,0
DA:222,0
DA:223,0
DA:227,1
DA:229,0
DA:234,1
DA:235,0
DA:236,0
DA:237,0
DA:238,0
DA:240,0
DA:245,1
DA:246,0
DA:247,0
DA:248,0
DA:249,0
DA:251,0
DA:256,1
DA:257,1
DA:258,1
DA:259,1
DA:260,1
DA:262,0
DA:267,1
DA:268,0
DA:269,0
DA:270,0
DA:271,0
DA:273,0
DA:278,1
DA:279,0
DA:280,0
DA:281,0
DA:282,0
DA:284,0
DA:289,1
DA:290,1
DA:291,1
DA:292,1
DA:293,1
DA:294,1
DA:295,1
DA:296,1
DA:298,0
DA:303,1
DA:304,1
DA:305,1
DA:306,1
DA:307,1
DA:309,0
DA:313,1
DA:314,0
DA:315,0
DA:316,0
DA:320,1
LF:140
LH:88
BRDA:18,0,0,1
BRDA:18,0,1,1
BRDA:19,1,0,1
BRDA:19,1,1,1
BRDA:20,2,0,1
BRDA:20,2,1,1
BRDA:21,3,0,1
BRDA:21,3,1,1
BRDA:21,3,2,1
BRDA:98,4,0,0
BRDA:98,4,1,0
BRDA:114,5,0,1
BRDA:114,5,1,0
BRDA:115,6,0,0
BRDA:115,6,1,1
BRDA:118,7,0,0
BRDA:118,7,1,1
BRDA:118,8,0,1
BRDA:118,8,1,0
BRDA:125,9,0,0
BRDA:125,9,1,0
BRDA:126,10,0,0
BRDA:126,10,1,0
BRDA:129,11,0,0
BRDA:129,11,1,0
BRDA:139,12,0,1
BRDA:139,12,1,7
BRDA:141,13,0,0
BRDA:141,13,1,7
BRDA:155,14,0,1
BRDA:155,14,1,1
BRDA:158,15,0,0
BRDA:158,15,1,1
BRDA:161,16,0,0
BRDA:161,16,1,0
BRDA:181,17,0,1
BRDA:181,17,1,1
BRDA:191,18,0,0
BRDA:191,18,1,0
BRDA:198,19,0,0
BRDA:198,19,1,1
BRDA:200,20,0,1
BRDA:200,20,1,0
BRDA:202,21,0,0
BRDA:202,21,1,1
BRDA:203,22,0,0
BRDA:203,22,1,1
BRDA:204,23,0,0
BRDA:204,23,1,1
BRDA:206,24,0,0
BRDA:206,24,1,1
BRDA:208,25,0,0
BRDA:208,25,1,0
BRDA:208,26,0,0
BRDA:208,26,1,0
BRDA:209,27,0,0
BRDA:209,27,1,0
BRDA:213,28,0,0
BRDA:213,28,1,1
BRDA:216,29,0,0
BRDA:216,29,1,0
BRDA:220,30,0,0
BRDA:220,30,1,1
BRDA:223,31,0,0
BRDA:223,31,1,0
BRDA:237,32,0,0
BRDA:237,32,1,0
BRDA:238,33,0,0
BRDA:238,33,1,0
BRDA:248,34,0,0
BRDA:248,34,1,0
BRDA:249,35,0,0
BRDA:249,35,1,0
BRDA:259,36,0,0
BRDA:259,36,1,1
BRDA:260,37,0,1
BRDA:260,37,1,1
BRDA:270,38,0,0
BRDA:270,38,1,0
BRDA:271,39,0,0
BRDA:271,39,1,0
BRDA:281,40,0,0
BRDA:281,40,1,0
BRDA:282,41,0,0
BRDA:282,41,1,0
BRDA:292,42,0,0
BRDA:292,42,1,1
BRDA:293,43,0,1
BRDA:293,43,1,1
BRDA:294,44,0,1
BRDA:294,44,1,1
BRDA:313,45,0,0
BRDA:313,45,1,1
BRF:93
BRH:38
end_of_record
