TN:
SF:server.js
FN:22,signToken
FN:26,(anonymous_1)
FN:31,(anonymous_2)
FN:42,(anonymous_3)
FN:55,authMiddleware
FN:70,(anonymous_5)
FN:79,(anonymous_6)
FN:82,(anonymous_7)
FN:89,(anonymous_8)
FN:94,(anonymous_9)
FN:103,(anonymous_10)
FN:114,getPatientById
FN:115,(anonymous_12)
FN:119,parseDate
FN:125,sendCollection
FN:140,(anonymous_15)
FN:152,(anonymous_16)
FN:155,(anonymous_17)
FN:158,(anonymous_18)
FN:167,(anonymous_19)
FN:170,(anonymous_20)
FN:173,(anonymous_21)
FN:176,(anonymous_22)
FN:179,(anonymous_23)
FN:182,(anonymous_24)
FN:199,(anonymous_25)
FNF:26
FNH:15
FNDA:1,signToken
FNDA:1,(anonymous_1)
FNDA:1,(anonymous_2)
FNDA:0,(anonymous_3)
FNDA:8,authMiddleware
FNDA:1,(anonymous_5)
FNDA:0,(anonymous_6)
FNDA:1,(anonymous_7)
FNDA:2,(anonymous_8)
FNDA:2,(anonymous_9)
FNDA:1,(anonymous_10)
FNDA:3,getPatientById
FNDA:3,(anonymous_12)
FNDA:0,parseDate
FNDA:1,sendCollection
FNDA:1,(anonymous_15)
FNDA:0,(anonymous_16)
FNDA:0,(anonymous_17)
FNDA:0,(anonymous_18)
FNDA:0,(anonymous_19)
FNDA:0,(anonymous_20)
FNDA:0,(anonymous_21)
FNDA:0,(anonymous_22)
FNDA:1,(anonymous_23)
FNDA:1,(anonymous_24)
FNDA:0,(anonymous_25)
DA:1,1
DA:2,1
DA:3,1
DA:4,1
DA:5,1
DA:6,1
DA:8,1
DA:9,1
DA:10,1
DA:13,1
DA:15,1
DA:16,1
DA:18,1
DA:19,1
DA:20,1
DA:23,1
DA:26,1
DA:27,1
DA:31,1
DA:32,1
DA:33,1
DA:36,1
DA:37,1
DA:38,1
DA:42,1
DA:43,0
DA:44,0
DA:45,0
DA:46,0
DA:47,0
DA:48,0
DA:50,0
DA:56,8
DA:57,8
DA:58,7
DA:59,7
DA:60,7
DA:61,7
DA:62,7
DA:63,7
DA:64,7
DA:66,0
DA:70,1
DA:72,1
DA:73,1
DA:74,1
DA:75,1
DA:77,1
DA:78,1
DA:79,0
DA:82,1
DA:83,1
DA:85,0
DA:89,1
DA:90,2
DA:91,2
DA:92,2
DA:93,2
DA:94,2
DA:95,2
DA:96,1
DA:98,0
DA:103,1
DA:104,1
DA:105,1
DA:106,1
DA:107,1
DA:109,0
DA:115,3
DA:120,0
DA:121,0
DA:126,1
DA:127,1
DA:128,1
DA:129,1
DA:130,1
DA:131,1
DA:132,1
DA:133,1
DA:135,0
DA:140,1
DA:141,1
DA:142,1
DA:143,1
DA:144,1
DA:145,1
DA:146,1
DA:147,1
DA:148,1
DA:149,1
DA:150,1
DA:151,1
DA:152,0
DA:154,1
DA:155,0
DA:157,1
DA:158,0
DA:160,1
DA:162,0
DA:167,1
DA:170,1
DA:173,1
DA:176,1
DA:179,1
DA:182,1
DA:183,1
DA:184,1
DA:185,1
DA:186,1
DA:187,1
DA:188,1
DA:189,1
DA:190,1
DA:191,1
DA:192,1
DA:194,0
DA:198,1
DA:199,0
DA:200,0
DA:204,1
LF:120
LH:98
BRDA:15,0,0,1
BRDA:15,0,1,1
BRDA:16,1,0,1
BRDA:16,1,1,1
BRDA:20,2,0,1
BRDA:20,2,1,1
BRDA:20,2,2,1
BRDA:32,3,0,1
BRDA:32,3,1,0
BRDA:33,4,0,0
BRDA:33,4,1,1
BRDA:36,5,0,0
BRDA:36,5,1,1
BRDA:36,6,0,1
BRDA:36,6,1,0
BRDA:43,7,0,0
BRDA:43,7,1,0
BRDA:44,8,0,0
BRDA:44,8,1,0
BRDA:47,9,0,0
BRDA:47,9,1,0
BRDA:57,10,0,1
BRDA:57,10,1,7
BRDA:59,11,0,0
BRDA:59,11,1,7
BRDA:77,12,0,1
BRDA:77,12,1,1
BRDA:78,13,0,0
BRDA:78,13,1,1
BRDA:79,14,0,0
BRDA:79,14,1,0
BRDA:79,15,0,0
BRDA:79,15,1,0
BRDA:79,16,0,0
BRDA:79,16,1,0
BRDA:95,17,0,1
BRDA:95,17,1,1
BRDA:121,18,0,0
BRDA:121,18,1,0
BRDA:131,19,0,0
BRDA:131,19,1,1
BRDA:132,20,0,1
BRDA:132,20,1,1
BRDA:146,21,0,0
BRDA:146,21,1,1
BRDA:147,22,0,1
BRDA:147,22,1,0
BRDA:148,23,0,0
BRDA:148,23,1,1
BRDA:149,24,0,0
BRDA:149,24,1,1
BRDA:150,25,0,0
BRDA:150,25,1,1
BRDA:151,26,0,0
BRDA:151,26,1,1
BRDA:152,27,0,0
BRDA:152,27,1,0
BRDA:152,28,0,0
BRDA:152,28,1,0
BRDA:152,29,0,0
BRDA:152,29,1,0
BRDA:154,30,0,0
BRDA:154,30,1,1
BRDA:155,31,0,0
BRDA:155,31,1,0
BRDA:157,32,0,0
BRDA:157,32,1,1
BRDA:158,33,0,0
BRDA:158,33,1,0
BRDA:188,34,0,0
BRDA:188,34,1,1
BRDA:189,35,0,1
BRDA:189,35,1,1
BRDA:190,36,0,1
BRDA:190,36,1,1
BRDA:198,37,0,0
BRDA:198,37,1,1
BRF:77
BRH:36
end_of_record
